Generating Mesh	3.15481
Generating Mesh\Assigning Materials 	0.0258067
Generating Mesh\Computing Aabb 	0.0003868
Generating Mesh\Generating surface mesh 	0.789072
Generating Mesh\Generating surface mesh \Assigning properties	0.0285831
Generating Mesh\Generating surface mesh \Checking surface mesh consistency	0.0111423
Generating Mesh\Generating surface mesh \Computing Aabbs	0.0014602
Generating Mesh\Generating surface mesh \Convert Global Mesh into Local Meshes	0.0350256
Generating Mesh\Generating surface mesh \Convert Global Mesh into Local Meshes\Stabilizing mesh	0.0007494
Generating Mesh\Generating surface mesh \Faceting	0.681299
Generating Mesh\Healing input 	0.003195
Generating Mesh\Reading Design 	0.121289
Generating Mesh\Refining Surface Mesh	2.1753
Generating Mesh\Refining Surface Mesh\Checking via	0.0005662
Generating Mesh\Refining Surface Mesh\Convert Local Mesh to Global Mesh	0.102883
Generating Mesh\Refining Surface Mesh\Detecting Connectivity Problems	0.0383251
Generating Mesh\Refining Surface Mesh\Insert pins MT	0.67114
Generating Mesh\Refining Surface Mesh\Locating Pins	0.130093
Generating Mesh\Refining Surface Mesh\Locating Pins\Locating instances on layers	0.102167
Generating Mesh\Refining Surface Mesh\Locating Pins\Locating pins on layers	0.0271452
Generating Mesh\Refining Surface Mesh\Looking for Electrically Isolated Patches 	0.0518019
Generating Mesh\Refining Surface Mesh\Mark electrical interconnects	0.0464716
Generating Mesh\Refining Surface Mesh\Marking Degenerate Elements	0.014899
Generating Mesh\Refining Surface Mesh\Marking Vias	0.0085088
Generating Mesh\Refining Surface Mesh\Marking thickness for non-circular vias	0.0008726
Generating Mesh\Refining Surface Mesh\Pruning Surface Mesh 	0.0607855
Generating Mesh\Refining Surface Mesh\Recovering surface attributes 	0.0037983
Generating Mesh\Refining Surface Mesh\Writing ASCII surface mesh file 	0.919854
Generating Mesh\Refining Surface Mesh\Writing BINARY surface mesh file 	0.0957964
Shutting down modeling environment	0.0012414
Starting modeling environment	0.0048662
