Generating Mesh	0.284946
Generating Mesh\Assigning Materials 	0.0008424
Generating Mesh\Computing Aabb 	3.97e-05
Generating Mesh\Generating surface mesh 	0.075028
Generating Mesh\Generating surface mesh \Assigning properties	0.0030341
Generating Mesh\Generating surface mesh \Checking surface mesh consistency	0.0011388
Generating Mesh\Generating surface mesh \Computing Aabbs	9.06e-05
Generating Mesh\Generating surface mesh \Convert Global Mesh into Local Meshes	0.0035312
Generating Mesh\Generating surface mesh \Convert Global Mesh into Local Meshes\Stabilizing mesh	3.24e-05
Generating Mesh\Generating surface mesh \Faceting	0.0656566
Generating Mesh\Healing input 	7.41e-05
Generating Mesh\Reading Design 	0.0083897
Generating Mesh\Refining Surface Mesh	0.192093
Generating Mesh\Refining Surface Mesh\Checking via	3.04e-05
Generating Mesh\Refining Surface Mesh\Convert Local Mesh to Global Mesh	0.006427
Generating Mesh\Refining Surface Mesh\Detecting Connectivity Problems	0.0026475
Generating Mesh\Refining Surface Mesh\Insert pins MT	0.0512779
Generating Mesh\Refining Surface Mesh\Locating Pins	0.0165393
Generating Mesh\Refining Surface Mesh\Locating Pins\Locating instances on layers	0.0115929
Generating Mesh\Refining Surface Mesh\Locating Pins\Locating pins on layers	0.0049232
Generating Mesh\Refining Surface Mesh\Looking for Electrically Isolated Patches 	0.003914
Generating Mesh\Refining Surface Mesh\Mark electrical interconnects	0.002574
Generating Mesh\Refining Surface Mesh\Marking Degenerate Elements	0.0009546
Generating Mesh\Refining Surface Mesh\Marking Vias	0.0003296
Generating Mesh\Refining Surface Mesh\Marking thickness for non-circular vias	5.36e-05
Generating Mesh\Refining Surface Mesh\Pruning Surface Mesh 	0.0045708
Generating Mesh\Refining Surface Mesh\Recovering surface attributes 	0.0002241
Generating Mesh\Refining Surface Mesh\Writing ASCII surface mesh file 	0.0632657
Generating Mesh\Refining Surface Mesh\Writing BINARY surface mesh file 	0.0343316
Shutting down modeling environment	0.0004657
Starting modeling environment	0.0045721
