
Starting the DC solver at Tue Apr 21 11:01:33 2020
Creating the DC circuit
..parsing the options file 
..using NUMBER_OF_PROCESSORS = 8
..parsing the layout file 
..parsing the stimulus file 
..extracting the connectivity 
..extracting the substrate 
Initializing electric analysis
Electric analysis
..loading the electric component models
..electric matrix size: 31819
..loading the electric matrix equation
..solving the electric matrix equation
.........|.........|.........|.........|
..max voltage: 1.49994
..writing the output files
Electric N-port analysis
..number of ports: 3
..loading the electric component models
..electric matrix size: 31819
..loading the electric matrix equation
..solving the electric matrix equation
.........|.........|.........|.........|
..writing the model file
DC solver resources
..elapsed time: 1.6 s
..user time: 3.9 s
..physical memory: 66 MB
..virtual memory: 74 MB

