License checkout started
License checkout completed
FEM_VMESH v1.109.55
Generating DC mesh
Building Model
Generating Solver Files
Generated: 
  44598 mesh elements



Starting the DC solver at Wed Apr 22 14:10:15 2020
Creating the DC circuit
..parsing the options file 
..using NUMBER_OF_PROCESSORS = 8
..parsing the layout file 
..parsing the stimulus file 
..extracting the connectivity 
..extracting the substrate 
Initializing electric analysis
Electric analysis
..loading the electric component models
..electric matrix size: 53025
..loading the electric matrix equation
..solving the electric matrix equation
.........|.........|.........|.........|
..max voltage: 4.99997
..writing the output files
Electric N-port analysis
..number of ports: 8
..loading the electric component models
..electric matrix size: 53025
..loading the electric matrix equation
..solving the electric matrix equation
.........|.........|.........|.........|
..writing the model file
DC solver resources
..elapsed time: 2.9 s
..user time: 4.9 s
..physical memory: 112 MB
..virtual memory: 127 MB


